e:\cpp\lab\lab\x64\debug\vc145.pdb
e:\cpp\lab\lab\x64\debug\vc145.idb
e:\cpp\lab\lab\x64\debug\lab.obj
e:\cpp\lab\lab\x64\debug\slab_3.obj
e:\cpp\lab\lab\x64\debug\slab_2.obj
e:\cpp\lab\lab\x64\debug\slab_1.obj
e:\cpp\lab\lab\x64\debug\maze.obj
e:\cpp\lab\lab\x64\debug\maska.obj
e:\cpp\lab\lab\x64\debug\lab_types.obj
e:\cpp\lab\lab\x64\debug\lab4.obj
e:\cpp\lab\lab\x64\debug\lab3.obj
e:\cpp\lab\lab\x64\debug\lab2_2.obj
e:\cpp\lab\lab\x64\debug\lab2_1.obj
e:\cpp\lab\lab\x64\debug\shifr.obj
e:\cpp\lab\lab\x64\debug\io.obj
e:\cpp\lab\lab\x64\debug\helpfuncs.obj
e:\cpp\lab\lab\x64\debug\crectangle.obj
e:\cpp\lab\lab\x64\debug\matrix.obj
e:\cpp\lab\lab\x64\debug\classes.obj
e:\cpp\lab\lab\x64\debug\ctriangle.obj
e:\cpp\lab\lab\x64\debug\cellipse.obj
e:\cpp\lab\x64\debug\lab.exe
e:\cpp\lab\x64\debug\lab.pdb
e:\cpp\lab\lab\x64\debug\lab.ilk
e:\cpp\lab\lab\x64\debug\class.obj
e:\cpp\lab\lab\x64\debug\funcs.obj
e:\cpp\lab\lab\x64\debug\lab.tlog\cl.command.1.tlog
e:\cpp\lab\lab\x64\debug\lab.tlog\cl.items.tlog
e:\cpp\lab\lab\x64\debug\lab.tlog\cl.read.1.tlog
e:\cpp\lab\lab\x64\debug\lab.tlog\cl.write.1.tlog
e:\cpp\lab\lab\x64\debug\lab.tlog\link.command.1.tlog
e:\cpp\lab\lab\x64\debug\lab.tlog\link.read.1.tlog
e:\cpp\lab\lab\x64\debug\lab.tlog\link.secondary.1.tlog
e:\cpp\lab\lab\x64\debug\lab.tlog\link.write.1.tlog
